[19:07:53] [Client thread/INFO]: Setting user: Player718
[19:07:54] [Client thread/INFO]: [OptiFine] *** Reflector Forge ***
[19:07:54] [Client thread/INFO]: [OptiFine] *** Reflector Vanilla ***
[19:07:54] [Client thread/INFO]: [OptiFine] (Reflector) Class not present: net.minecraftforge.client.settings.KeyConflictContext
[19:07:54] [Client thread/WARN]: Skipping bad option: lastServer:
[19:07:54] [Client thread/INFO]: [OptiFine] (Reflector) Class not present: net.minecraftforge.client.settings.KeyModifier
[19:07:54] [Client thread/INFO]: [OptiFine] (Reflector) Class not present: net.minecraftforge.fml.common.eventhandler.Event$Result
[19:07:54] [Client thread/INFO]: LWJGL Version: 2.9.4
[19:07:54] [Client thread/INFO]: [OptiFine] 
[19:07:54] [Client thread/INFO]: [OptiFine] OptiFine_1.12.2_HD_U_G5
[19:07:54] [Client thread/INFO]: [OptiFine] Build: 20210124-142939
[19:07:54] [Client thread/INFO]: [OptiFine] OS: Windows 10 (amd64) version 10.0
[19:07:54] [Client thread/INFO]: [OptiFine] Java: 16.0.2, Amazon.com Inc.
[19:07:54] [Client thread/INFO]: [OptiFine] VM: OpenJDK 64-Bit Server VM (mixed mode, sharing), Amazon.com Inc.
[19:07:54] [Client thread/INFO]: [OptiFine] LWJGL: 2.9.4
[19:07:54] [Client thread/INFO]: [OptiFine] OpenGL: NVIDIA GeForce GTX 950/PCIe/SSE2, version 4.6.0 NVIDIA 527.37, NVIDIA Corporation
[19:07:54] [Client thread/INFO]: [OptiFine] OpenGL Version: 4.6.0
[19:07:54] [Client thread/INFO]: [OptiFine] Maximum texture size: 16384x16384
[19:07:54] [VersionCheck/INFO]: [OptiFine] Checking for new version
[19:07:54] [Client thread/INFO]: [Shaders] OpenGL Version: 4.6.0 NVIDIA 527.37
[19:07:54] [Client thread/INFO]: [Shaders] Vendor:  NVIDIA Corporation
[19:07:54] [Client thread/INFO]: [Shaders] Renderer: NVIDIA GeForce GTX 950/PCIe/SSE2
[19:07:54] [Client thread/INFO]: [Shaders] Capabilities:  2.0  2.1  3.0  3.2  4.0 
[19:07:54] [Client thread/INFO]: [Shaders] GL_MAX_DRAW_BUFFERS: 8
[19:07:54] [Client thread/INFO]: [Shaders] GL_MAX_COLOR_ATTACHMENTS_EXT: 8
[19:07:54] [Client thread/INFO]: [Shaders] GL_MAX_TEXTURE_IMAGE_UNITS: 32
[19:07:54] [Client thread/INFO]: [Shaders] Load shaders configuration.
[19:07:54] [Client thread/INFO]: [Shaders] Save shaders configuration.
[19:07:54] [Client thread/INFO]: [Shaders] No shaderpack loaded.
[19:07:54] [Client thread/INFO]: [OptiFine] (Reflector) Class not present: net.minecraftforge.fml.common.Loader
[19:07:54] [Client thread/INFO]: [OptiFine] (Reflector) Class not present: net.minecraftforge.fml.client.SplashProgress
[19:07:54] [Client thread/INFO]: Reloading ResourceManager: Default
[19:07:54] [Client thread/INFO]: [OptiFine] *** Reloading textures ***
[19:07:54] [Client thread/INFO]: [OptiFine] Resource packs: Default
[19:07:55] [VersionCheck/INFO]: [OptiFine] Version found: G5
[19:07:55] [Client thread/INFO]: [OptiFine] (Reflector) Class not present: net.minecraftforge.client.model.Attributes
[19:07:55] [Client thread/INFO]: [OptiFine] (Reflector) Method not present: net.minecraft.client.renderer.vertex.VertexFormatElement$EnumUsage.preDraw
[19:07:55] [Client thread/INFO]: [OptiFine] (Reflector) Method not present: net.minecraft.client.renderer.vertex.VertexFormatElement$EnumUsage.postDraw
[19:07:55] [Sound Library Loader/INFO]: Starting up SoundSystem...
[19:07:55] [Client thread/INFO]: [OptiFine] (Reflector) Method not present: net.minecraft.client.renderer.block.model.ModelBlockDefinition.parseFromReader
[19:07:55] [Client thread/INFO]: [OptiFine] (Reflector) Field not present: net.minecraft.item.Item.delegate
[19:07:55] [Thread-2/INFO]: Initializing LWJGL OpenAL
[19:07:55] [Thread-2/INFO]: (The LWJGL binding of OpenAL.  For more information, see http://www.lwjgl.org)
[19:07:55] [Thread-2/INFO]: OpenAL initialized.
[19:07:56] [Sound Library Loader/INFO]: Sound engine started
[19:07:57] [Client thread/INFO]: [OptiFine] (Reflector) Class not present: net.minecraftforge.client.ForgeHooksClient
[19:07:59] [Client thread/INFO]: [OptiFine] Mipmap levels: 4
[19:07:59] [Client thread/INFO]: [OptiFine] Multitexture: false
[19:07:59] [Client thread/INFO]: [OptiFine] ConnectedTextures: mcpatcher/ctm/default/0_glass_white/glass_pane_white.properties
[19:07:59] [Client thread/INFO]: [OptiFine] ConnectedTextures: mcpatcher/ctm/default/0_glass_white/glass_white.properties
[19:07:59] [Client thread/INFO]: [OptiFine] ConnectedTextures: mcpatcher/ctm/default/10_glass_purple/glass_pane_purple.properties
[19:07:59] [Client thread/INFO]: [OptiFine] ConnectedTextures: mcpatcher/ctm/default/10_glass_purple/glass_purple.properties
[19:07:59] [Client thread/INFO]: [OptiFine] ConnectedTextures: mcpatcher/ctm/default/11_glass_blue/glass_blue.properties
[19:07:59] [Client thread/INFO]: [OptiFine] ConnectedTextures: mcpatcher/ctm/default/11_glass_blue/glass_pane_blue.properties
[19:07:59] [Client thread/INFO]: [OptiFine] ConnectedTextures: mcpatcher/ctm/default/12_glass_brown/glass_brown.properties
[19:07:59] [Client thread/INFO]: [OptiFine] ConnectedTextures: mcpatcher/ctm/default/12_glass_brown/glass_pane_brown.properties
[19:07:59] [Client thread/INFO]: [OptiFine] ConnectedTextures: mcpatcher/ctm/default/13_glass_green/glass_green.properties
[19:07:59] [Client thread/INFO]: [OptiFine] ConnectedTextures: mcpatcher/ctm/default/13_glass_green/glass_pane_green.properties
[19:07:59] [Client thread/INFO]: [OptiFine] ConnectedTextures: mcpatcher/ctm/default/14_glass_red/glass_pane_red.properties
[19:07:59] [Client thread/INFO]: [OptiFine] ConnectedTextures: mcpatcher/ctm/default/14_glass_red/glass_red.properties
[19:07:59] [Client thread/INFO]: [OptiFine] ConnectedTextures: mcpatcher/ctm/default/15_glass_black/glass_black.properties
[19:07:59] [Client thread/INFO]: [OptiFine] ConnectedTextures: mcpatcher/ctm/default/15_glass_black/glass_pane_black.properties
[19:07:59] [Client thread/INFO]: [OptiFine] ConnectedTextures: mcpatcher/ctm/default/1_glass_orange/glass_orange.properties
[19:07:59] [Client thread/INFO]: [OptiFine] ConnectedTextures: mcpatcher/ctm/default/1_glass_orange/glass_pane_orange.properties
[19:07:59] [Client thread/INFO]: [OptiFine] ConnectedTextures: mcpatcher/ctm/default/2_glass_magenta/glass_magenta.properties
[19:07:59] [Client thread/INFO]: [OptiFine] ConnectedTextures: mcpatcher/ctm/default/2_glass_magenta/glass_pane_magenta.properties
[19:07:59] [Client thread/INFO]: [OptiFine] ConnectedTextures: mcpatcher/ctm/default/3_glass_light_blue/glass_light_blue.properties
[19:07:59] [Client thread/INFO]: [OptiFine] ConnectedTextures: mcpatcher/ctm/default/3_glass_light_blue/glass_pane_light_blue.properties
[19:07:59] [Client thread/INFO]: [OptiFine] ConnectedTextures: mcpatcher/ctm/default/4_glass_yellow/glass_pane_yellow.properties
[19:07:59] [Client thread/INFO]: [OptiFine] ConnectedTextures: mcpatcher/ctm/default/4_glass_yellow/glass_yellow.properties
[19:07:59] [Client thread/INFO]: [OptiFine] ConnectedTextures: mcpatcher/ctm/default/5_glass_lime/glass_lime.properties
[19:07:59] [Client thread/INFO]: [OptiFine] ConnectedTextures: mcpatcher/ctm/default/5_glass_lime/glass_pane_lime.properties
[19:07:59] [Client thread/INFO]: [OptiFine] ConnectedTextures: mcpatcher/ctm/default/6_glass_pink/glass_pane_pink.properties
[19:07:59] [Client thread/INFO]: [OptiFine] ConnectedTextures: mcpatcher/ctm/default/6_glass_pink/glass_pink.properties
[19:07:59] [Client thread/INFO]: [OptiFine] ConnectedTextures: mcpatcher/ctm/default/7_glass_gray/glass_gray.properties
[19:07:59] [Client thread/INFO]: [OptiFine] ConnectedTextures: mcpatcher/ctm/default/7_glass_gray/glass_pane_gray.properties
[19:08:00] [Client thread/INFO]: [OptiFine] ConnectedTextures: mcpatcher/ctm/default/8_glass_silver/glass_pane_silver.properties
[19:08:00] [Client thread/INFO]: [OptiFine] ConnectedTextures: mcpatcher/ctm/default/8_glass_silver/glass_silver.properties
[19:08:00] [Client thread/INFO]: [OptiFine] ConnectedTextures: mcpatcher/ctm/default/9_glass_cyan/glass_cyan.properties
[19:08:00] [Client thread/INFO]: [OptiFine] ConnectedTextures: mcpatcher/ctm/default/9_glass_cyan/glass_pane_cyan.properties
[19:08:00] [Client thread/INFO]: [OptiFine] ConnectedTextures: mcpatcher/ctm/default/bookshelf.properties
[19:08:00] [Client thread/INFO]: [OptiFine] ConnectedTextures: mcpatcher/ctm/default/glass.properties
[19:08:00] [Client thread/INFO]: [OptiFine] ConnectedTextures: mcpatcher/ctm/default/glasspane.properties
[19:08:00] [Client thread/INFO]: [OptiFine] ConnectedTextures: mcpatcher/ctm/default/sandstone.properties
[19:08:00] [Client thread/INFO]: [OptiFine] Multipass connected textures: false
[19:08:00] [Client thread/INFO]: [OptiFine] BetterGrass: Parsing default configuration optifine/bettergrass.properties
[19:08:06] [Client thread/INFO]: Created: 1024x512 textures-atlas
[19:08:06] [Client thread/INFO]: [OptiFine] Animated sprites: 22
[19:08:06] [Client thread/INFO]: [OptiFine] (Reflector) Class not present: net.minecraftforge.common.ForgeModContainer
[19:08:06] [Client thread/INFO]: [OptiFine] (Reflector) Class not present: net.minecraftforge.client.ItemModelMesherForge
[19:08:06] [Client thread/INFO]: [OptiFine] (Reflector) Class not present: net.minecraftforge.client.model.ModelLoader
[19:08:07] [Client thread/INFO]: [OptiFine] (Reflector) Class not present: net.minecraftforge.fml.client.registry.RenderingRegistry
[19:08:08] [Client thread/INFO]: Narrator library for x64 successfully loaded
[19:08:08] [Client thread/INFO]: [OptiFine] (Reflector) Class not present: mods.betterfoliage.client.BetterFoliageClient
[19:08:08] [Client thread/INFO]: [OptiFine] (Reflector) Class not present: net.minecraftforge.event.world.ChunkWatchEvent$UnWatch
[19:08:08] [Client thread/INFO]: [OptiFine] (Reflector) Class not present: net.minecraftforge.fml.relauncher.CoreModManager
[19:08:08] [Client thread/INFO]: [OptiFine] (Reflector) Class not present: net.minecraftforge.common.DimensionManager
[19:08:08] [Client thread/INFO]: [OptiFine] (Reflector) Class not present: net.minecraftforge.client.event.GuiScreenEvent$DrawScreenEvent$Pre
[19:08:08] [Client thread/INFO]: [OptiFine] (Reflector) Class not present: net.minecraftforge.client.event.GuiScreenEvent$DrawScreenEvent$Post
[19:08:08] [Client thread/INFO]: [OptiFine] (Reflector) Class not present: net.minecraftforge.client.event.EntityViewRenderEvent$CameraSetup
[19:08:08] [Client thread/INFO]: [OptiFine] (Reflector) Class not present: net.minecraftforge.client.event.EntityViewRenderEvent$FogColors
[19:08:08] [Client thread/INFO]: [OptiFine] (Reflector) Class not present: net.minecraftforge.client.event.EntityViewRenderEvent$RenderFogEvent
[19:08:08] [Client thread/INFO]: [OptiFine] (Reflector) Class not present: net.minecraftforge.fml.common.eventhandler.Event
[19:08:08] [Client thread/INFO]: [OptiFine] (Reflector) Class not present: net.minecraftforge.fml.common.eventhandler.EventBus
[19:08:08] [Client thread/INFO]: [OptiFine] (Reflector) Class not present: net.minecraftforge.common.property.ExtendedBlockState
[19:08:08] [Client thread/INFO]: [OptiFine] (Reflector) Class not present: net.minecraftforge.fml.client.FMLClientHandler
[19:08:08] [Client thread/INFO]: [OptiFine] (Reflector) Class not present: net.minecraftforge.fml.common.FMLCommonHandler
[19:08:08] [Client thread/INFO]: [OptiFine] (Reflector) Method not present: net.minecraft.client.renderer.ActiveRenderInfo.getCameraPosition
[19:08:08] [Client thread/INFO]: [OptiFine] (Reflector) Method not present: net.minecraft.client.renderer.ActiveRenderInfo.updateRenderInfo
[19:08:08] [Client thread/INFO]: [OptiFine] (Reflector) Method not present: net.minecraft.world.biome.Biome.getWaterColorMultiplier
[19:08:08] [Client thread/INFO]: [OptiFine] (Reflector) Method not present: net.minecraft.world.biome.Biome$SpawnListEntry.newInstance
[19:08:08] [Client thread/INFO]: [OptiFine] (Reflector) Method not present: net.minecraft.block.Block.addDestroyEffects
[19:08:08] [Client thread/INFO]: [OptiFine] (Reflector) Method not present: net.minecraft.block.Block.addHitEffects
[19:08:08] [Client thread/INFO]: [OptiFine] (Reflector) Method not present: net.minecraft.block.Block.canCreatureSpawn
[19:08:08] [Client thread/INFO]: [OptiFine] (Reflector) Method not present: net.minecraft.block.Block.canRenderInLayer
[19:08:08] [Client thread/INFO]: [OptiFine] (Reflector) Method not present: net.minecraft.block.Block.doesSideBlockRendering
[19:08:08] [Client thread/INFO]: [OptiFine] (Reflector) Method not present: net.minecraft.block.Block.doesSideBlockChestOpening
[19:08:08] [Client thread/INFO]: [OptiFine] (Reflector) Method not present: net.minecraft.block.Block.getBedDirection
[19:08:08] [Client thread/INFO]: [OptiFine] (Reflector) Method not present: net.minecraft.block.Block.getExtendedState
[19:08:08] [Client thread/INFO]: [OptiFine] (Reflector) Method not present: net.minecraft.block.Block.getFogColor
[19:08:08] [Client thread/INFO]: [OptiFine] (Reflector) Method not present: net.minecraft.block.Block.getLightOpacity
[19:08:08] [Client thread/INFO]: [OptiFine] (Reflector) Method not present: net.minecraft.block.Block.getLightValue
[19:08:08] [Client thread/INFO]: [OptiFine] (Reflector) Method not present: net.minecraft.block.Block.getSoundType
[19:08:08] [Client thread/INFO]: [OptiFine] (Reflector) Method not present: net.minecraft.block.Block.hasTileEntity
[19:08:08] [Client thread/INFO]: [OptiFine] (Reflector) Method not present: net.minecraft.block.Block.isAir
[19:08:08] [Client thread/INFO]: [OptiFine] (Reflector) Method not present: net.minecraft.block.Block.isBed
[19:08:08] [Client thread/INFO]: [OptiFine] (Reflector) Method not present: net.minecraft.block.Block.isBedFoot
[19:08:08] [Client thread/INFO]: [OptiFine] (Reflector) Method not present: net.minecraft.block.Block.isSideSolid
[19:08:08] [Client thread/INFO]: [OptiFine] (Reflector) Method not present: net.minecraft.client.renderer.block.model.IBakedModel.isAmbientOcclusion
[19:08:08] [Client thread/INFO]: [OptiFine] (Reflector) Method not present: net.minecraft.block.state.IBlockProperties.getLightValue
[19:08:08] [Client thread/INFO]: [OptiFine] (Reflector) Method not present: net.minecraft.world.ChunkCache.isSideSolid
[19:08:08] [Client thread/INFO]: [OptiFine] (Reflector) Method not present: net.minecraft.entity.Entity.canRiderInteract
[19:08:08] [Client thread/INFO]: [OptiFine] (Reflector) Field not present: net.minecraft.entity.Entity.captureDrops
[19:08:08] [Client thread/INFO]: [OptiFine] (Reflector) Field not present: net.minecraft.entity.Entity.capturedDrops
[19:08:08] [Client thread/INFO]: [OptiFine] (Reflector) Method not present: net.minecraft.entity.Entity.shouldRenderInPass
[19:08:08] [Client thread/INFO]: [OptiFine] (Reflector) Method not present: net.minecraft.entity.Entity.shouldRiderSit
[19:08:08] [Client thread/INFO]: [OptiFine] (Reflector) Method not present: net.minecraft.entity.EntityList.getClass
[19:08:08] [Client thread/INFO]: [OptiFine] (Reflector) Method not present: net.minecraft.entity.EntityList.getID
[19:08:08] [Client thread/INFO]: [OptiFine] (Reflector) Class not present: net.minecraftforge.event.ForgeEventFactory
[19:08:08] [Client thread/INFO]: [OptiFine] (Reflector) Class not present: net.minecraftforge.common.ForgeHooks
[19:08:08] [Client thread/INFO]: [OptiFine] (Reflector) Method not present: net.minecraft.item.Item.getDurabilityForDisplay
[19:08:08] [Client thread/INFO]: [OptiFine] (Reflector) Method not present: net.minecraft.item.Item.getEquipmentSlot
[19:08:08] [Client thread/INFO]: [OptiFine] (Reflector) Method not present: net.minecraft.item.Item.getTileEntityItemStackRenderer
[19:08:08] [Client thread/INFO]: [OptiFine] (Reflector) Method not present: net.minecraft.item.Item.getRGBDurabilityForDisplay
[19:08:08] [Client thread/INFO]: [OptiFine] (Reflector) Method not present: net.minecraft.item.Item.isShield
[19:08:08] [Client thread/INFO]: [OptiFine] (Reflector) Method not present: net.minecraft.item.Item.onEntitySwing
[19:08:08] [Client thread/INFO]: [OptiFine] (Reflector) Method not present: net.minecraft.item.Item.shouldCauseReequipAnimation
[19:08:08] [Client thread/INFO]: [OptiFine] (Reflector) Method not present: net.minecraft.item.Item.showDurabilityBar
[19:08:08] [Client thread/INFO]: [OptiFine] (Reflector) Method not present: net.minecraft.item.ItemArmor.hasOverlay
[19:08:08] [Client thread/INFO]: [OptiFine] (Reflector) Method not present: net.minecraft.client.settings.KeyBinding.setKeyConflictContext
[19:08:08] [Client thread/INFO]: [OptiFine] (Reflector) Method not present: net.minecraft.client.settings.KeyBinding.setKeyModifierAndCode
[19:08:08] [Client thread/INFO]: [OptiFine] (Reflector) Method not present: net.minecraft.client.settings.KeyBinding.getKeyModifier
[19:08:08] [Client thread/INFO]: [OptiFine] (Reflector) Method not present: net.minecraft.potion.Potion.shouldRenderHUD
[19:08:08] [Client thread/INFO]: [OptiFine] (Reflector) Method not present: net.minecraft.potion.Potion.renderHUDEffect
[19:08:08] [Client thread/INFO]: [OptiFine] (Reflector) Method not present: net.minecraft.potion.PotionEffect.isCurativeItem
[19:08:08] [Client thread/INFO]: [OptiFine] (Reflector) Method not present: net.minecraft.tileentity.TileEntity.canRenderBreaking
[19:08:08] [Client thread/INFO]: [OptiFine] (Reflector) Method not present: net.minecraft.tileentity.TileEntity.getRenderBoundingBox
[19:08:08] [Client thread/INFO]: [OptiFine] (Reflector) Method not present: net.minecraft.tileentity.TileEntity.hasFastRenderer
[19:08:08] [Client thread/INFO]: [OptiFine] (Reflector) Method not present: net.minecraft.tileentity.TileEntity.shouldRenderInPass
[19:08:08] [Client thread/INFO]: [OptiFine] (Reflector) Method not present: net.minecraft.world.World.countEntities
[19:08:08] [Client thread/INFO]: [OptiFine] (Reflector) Method not present: net.minecraft.world.World.getPerWorldStorage
[19:08:08] [Client thread/INFO]: [OptiFine] (Reflector) Method not present: net.minecraft.world.World.initCapabilities
[19:08:08] [Client thread/INFO]: [OptiFine] (Reflector) Method not present: net.minecraft.world.WorldProvider.getCloudRenderer
[19:08:08] [Client thread/INFO]: [OptiFine] (Reflector) Method not present: net.minecraft.world.WorldProvider.getSkyRenderer
[19:08:08] [Client thread/INFO]: [OptiFine] (Reflector) Method not present: net.minecraft.world.WorldProvider.getWeatherRenderer
[19:08:08] [Client thread/INFO]: [OptiFine] (Reflector) Method not present: net.minecraft.world.WorldProvider.getLightmapColors
[19:08:08] [Client thread/INFO]: [OptiFine] (Reflector) Method not present: net.minecraft.world.WorldProvider.getSaveFolder
[19:08:08] [Client thread/INFO]: [OptiFine] (Reflector) Class not present: net.minecraftforge.fml.client.GuiModList
[19:08:08] [Client thread/INFO]: [OptiFine] (Reflector) Class not present: net.minecraftforge.common.property.IExtendedBlockState
[19:08:08] [Client thread/INFO]: [OptiFine] (Reflector) Class not present: net.minecraftforge.registries.IForgeRegistryEntry$Impl
[19:08:08] [Client thread/INFO]: [OptiFine] (Reflector) Class not present: net.minecraftforge.client.model.IModel
[19:08:08] [Client thread/INFO]: [OptiFine] (Reflector) Class not present: net.minecraftforge.client.IRenderHandler
[19:08:08] [Client thread/INFO]: [OptiFine] (Reflector) Class not present: net.minecraftforge.client.model.pipeline.LightUtil
[19:08:08] [Client thread/INFO]: [OptiFine] (Reflector) Class not present: net.minecraftforge.common.MinecraftForge
[19:08:08] [Client thread/INFO]: [OptiFine] (Reflector) Class not present: net.minecraftforge.client.MinecraftForgeClient
[19:08:08] [Client thread/INFO]: [OptiFine] (Reflector) Class not present: net.minecraftforge.fml.common.ModContainer
[19:08:08] [Client thread/INFO]: [OptiFine] (Reflector) Class not present: net.minecraftforge.client.model.ModelLoader$VanillaLoader
[19:08:08] [Client thread/INFO]: [OptiFine] (Reflector) Class not present: net.minecraftforge.client.model.ModelLoaderRegistry
[19:08:08] [Client thread/INFO]: [OptiFine] (Reflector) Class not present: net.minecraftforge.client.gui.NotificationModUpdateScreen
[19:08:08] [Client thread/INFO]: [OptiFine] (Reflector) Class not present: net.minecraftforge.client.event.RenderBlockOverlayEvent$OverlayType
[19:08:08] [Client thread/INFO]: [OptiFine] (Reflector) Class not present: net.minecraftforge.client.event.RenderItemInFrameEvent
[19:08:08] [Client thread/INFO]: [OptiFine] (Reflector) Class not present: net.minecraftforge.client.event.RenderLivingEvent$Pre
[19:08:08] [Client thread/INFO]: [OptiFine] (Reflector) Class not present: net.minecraftforge.client.event.RenderLivingEvent$Post
[19:08:08] [Client thread/INFO]: [OptiFine] (Reflector) Class not present: net.minecraftforge.client.event.RenderLivingEvent$Specials$Pre
[19:08:08] [Client thread/INFO]: [OptiFine] (Reflector) Class not present: net.minecraftforge.client.event.RenderLivingEvent$Specials$Post
[19:08:08] [Client thread/INFO]: [OptiFine] (Reflector) Class not present: net.minecraftforge.client.event.ScreenshotEvent
[19:08:08] [Client thread/INFO]: [OptiFine] (Reflector) Class not present: net.minecraftforge.client.resource.VanillaResourceType
[19:08:08] [Client thread/INFO]: [OptiFine] (Reflector) Class not present: net.minecraftforge.event.world.WorldEvent$Load
[19:08:08] [Client thread/INFO]: [OptiFine] (Reflector) Field not present: tech.drainwalk.gui.minecraft.mainmenu.GuiMainMenu.(type: class java.lang.String, index: 0)
[19:08:08] [Client thread/INFO]: [OptiFine] *** Reloading custom textures ***
[19:08:10] [Client thread/INFO]: [STDOUT]: C:\DrainWalk\game\scripts
[19:08:10] [Client thread/INFO]: [STDERR]: java.lang.NullPointerException
[19:08:10] [Client thread/INFO]: [STDERR]: 	at java.base/java.util.Objects.requireNonNull(Objects.java:208)
[19:08:10] [Client thread/INFO]: [STDERR]: 	at tech.drainwalk.client.scripting.ScriptManager.<init>(ScriptManager.java:22)
[19:08:10] [Client thread/INFO]: [STDERR]: 	at tech.drainwalk.DrainWalk.<init>(DrainWalk.java:46)
[19:08:10] [Client thread/INFO]: [STDERR]: 	at tech.drainwalk.DrainWalk.<clinit>(DrainWalk.java:15)
[19:08:10] [Client thread/INFO]: [STDERR]: 	at tech.drainwalk.gui.minecraft.mainmenu.GuiMainMenu.drawScreen(GuiMainMenu.java:44)
[19:08:10] [Client thread/INFO]: [STDERR]: 	at net.minecraft.client.renderer.EntityRenderer.updateCameraAndRender(EntityRenderer.java:1242)
[19:08:10] [Client thread/INFO]: [STDERR]: 	at net.minecraft.client.Minecraft.runGameLoop(Minecraft.java:1230)
[19:08:10] [Client thread/INFO]: [STDERR]: 	at net.minecraft.client.Minecraft.run(Minecraft.java:489)
[19:08:10] [Client thread/INFO]: [STDERR]: 	at net.minecraft.client.main.Main.main(Main.java:115)
[19:08:10] [Client thread/INFO]: [STDERR]: 	at Start.main(Start.java:11)
[19:08:13] [Server thread/INFO]: Starting integrated minecraft server version 1.12.2
[19:08:13] [Server thread/INFO]: Generating keypair
[19:08:16] [Server thread/INFO]: Loaded 488 advancements
[19:08:16] [Server thread/INFO]: Preparing start region for level 0
[19:08:17] [Server thread/INFO]: Preparing spawn area: 19%
[19:08:18] [Server thread/INFO]: Changing view distance to 8, from 10
[19:08:19] [Client thread/INFO]: Stopping!
[19:08:19] [Client thread/INFO]: SoundSystem shutting down...
[19:08:19] [Server thread/INFO]: Player718[local:E:7716dafe] logged in with entity id 272 at (38.277018125427986, 87.0, -363.01584661564215)
[19:08:19] [Client thread/WARN]: Author: Paul Lamb, www.paulscode.com
